2024-01-10 11:59:40,123 [INFO] MainUpdater:2873 - connection check result : 10
2024-01-10 11:59:40,323 [INFO] McuFinderGlobals:76 - Set McuFinderConnectedMode to true
2024-01-10 11:59:40,330 [INFO] MultiScanPanel:200 - Auto-refresh data requested => check proxy status ongoing
2024-01-10 11:59:40,332 [INFO] FinderPluginLoader:95 - Searching for filters in installed packs
2024-01-10 11:59:42,800 [INFO] LoadUrlFilesThread:185 - End of LoadServerUrlFiles without Thread
2024-01-10 11:59:42,800 [INFO] DetailPanel:341 - Set advertising image to C:/Users/user/STM32Cube/Repository/\en.prom-stm32wl3-mcu-finder.jpg
2024-01-10 12:00:44,288 [INFO] MainUpdater:2873 - connection check result : 10
2024-01-10 12:00:44,288 [INFO] MainUpdater:2873 - connection check result : 10
2024-01-10 12:00:44,431 [INFO] MicroXplorer:468 - Change Database Path : 
2024-01-10 12:00:44,431 [INFO] MicroXplorer:498 - Change Database Version : DB.6.0.100
2024-01-10 12:00:44,470 [ERROR] ProjectManagerView:394 - 
java.lang.NullPointerException: Cannot invoke "javax.swing.JTextField.getText()" because the return value of "java.util.List.get(int)" is null
	at com.st.microxplorer.plugins.projectmanager.gui.ProjectChoiceTab$10.caretUpdate(ProjectChoiceTab.java:2493) ~[filemanager.jar:?]
	at javax.swing.text.JTextComponent.fireCaretUpdate(JTextComponent.java:412) ~[?:?]
	at javax.swing.text.JTextComponent$MutableCaretEvent.fire(JTextComponent.java:4491) ~[?:?]
	at javax.swing.text.JTextComponent$MutableCaretEvent.stateChanged(JTextComponent.java:4513) ~[?:?]
	at javax.swing.text.DefaultCaret.fireStateChanged(DefaultCaret.java:842) ~[?:?]
	at javax.swing.text.DefaultCaret.changeCaretPosition(DefaultCaret.java:1313) ~[?:?]
	at javax.swing.text.DefaultCaret.handleSetDot(DefaultCaret.java:1212) ~[?:?]
	at javax.swing.text.DefaultCaret.setDot(DefaultCaret.java:1193) ~[?:?]
	at javax.swing.text.DefaultCaret$Handler.insertUpdate(DefaultCaret.java:1789) ~[?:?]
	at javax.swing.text.AbstractDocument.fireInsertUpdate(AbstractDocument.java:226) ~[?:?]
	at javax.swing.text.AbstractDocument.handleInsertString(AbstractDocument.java:780) ~[?:?]
	at javax.swing.text.AbstractDocument.insertString(AbstractDocument.java:739) ~[?:?]
	at javax.swing.text.PlainDocument.insertString(PlainDocument.java:131) ~[?:?]
	at javax.swing.text.AbstractDocument.replace(AbstractDocument.java:698) ~[?:?]
	at javax.swing.text.JTextComponent.setText(JTextComponent.java:1729) ~[?:?]
	at com.st.microxplorer.plugins.projectmanager.gui.ProjectChoiceTab.createHeapStackFields(ProjectChoiceTab.java:933) ~[filemanager.jar:?]
	at com.st.microxplorer.plugins.projectmanager.gui.ProjectChoiceTab.buildLinkSettingsPanel(ProjectChoiceTab.java:3426) ~[filemanager.jar:?]
	at com.st.microxplorer.plugins.projectmanager.gui.ProjectChoiceTab.defineWindowsFields(ProjectChoiceTab.java:1813) ~[filemanager.jar:?]
	at com.st.microxplorer.plugins.projectmanager.gui.ProjectChoiceTab.updateSettings(ProjectChoiceTab.java:533) ~[filemanager.jar:?]
	at com.st.microxplorer.plugins.projectmanager.gui.ProjectSettingsPanel.UpdateDialog(ProjectSettingsPanel.java:244) ~[filemanager.jar:?]
	at com.st.microxplorer.plugins.projectmanager.ProjectManagerView.propertyChange(ProjectManagerView.java:391) ~[filemanager.jar:?]
	at java.beans.PropertyChangeSupport.fire(PropertyChangeSupport.java:343) ~[?:?]
	at java.beans.PropertyChangeSupport.firePropertyChange(PropertyChangeSupport.java:335) ~[?:?]
	at java.beans.PropertyChangeSupport.firePropertyChange(PropertyChangeSupport.java:268) ~[?:?]
	at com.st.microxplorer.util.MXPropertyChangeSupport.firePropertyChange(MXPropertyChangeSupport.java:54) ~[STM32CubeMX.jar:?]
	at com.st.microxplorer.mxsystem.MxSystem.closeConfig(MxSystem.java:900) ~[STM32CubeMX.jar:?]
	at com.st.microxplorer.maingui.MainPanel.closeConfig(MainPanel.java:776) ~[STM32CubeMX.jar:?]
	at com.st.microxplorer.plugins.filemanager.engine.OpenFileManager.loadConfigurationFile(OpenFileManager.java:245) ~[filemanager.jar:?]
	at com.st.microxplorer.plugins.filemanager.engine.MainFileManager.userLoadConfig(MainFileManager.java:290) ~[filemanager.jar:?]
	at com.st.microxplorer.plugins.filemanager.FileManagerView.getSpecificTask(FileManagerView.java:247) ~[filemanager.jar:?]
	at com.st.stm32cube.common.mx.editor.CubeMxEditor.getMxTabbedPaneInstance(CubeMxEditor.java:1184) ~[com.st.stm32cube.common.mx_6.10.0.202311202037/:?]
	at com.st.stm32cube.common.mx.editor.CubeMxEditor$12$1.createSwingComponent(CubeMxEditor.java:1065) ~[com.st.stm32cube.common.mx_6.10.0.202311202037/:?]
	at com.st.stm32cube.common.mx.oss.core.awtswtbridge.EmbeddedSwingComposite.doComponentCreation(EmbeddedSwingComposite.java:492) ~[com.st.stm32cube.common.mx.oss_6.10.0.202311202037/:?]
	at com.st.stm32cube.common.mx.oss.core.awtswtbridge.EmbeddedSwingComposite$4.run(EmbeddedSwingComposite.java:291) ~[com.st.stm32cube.common.mx.oss_6.10.0.202311202037/:?]
	at com.st.stm32cube.common.mx.oss.core.awtswtbridge.AwtEnvironment$2.run(AwtEnvironment.java:166) ~[com.st.stm32cube.common.mx.oss_6.10.0.202311202037/:?]
	at java.awt.event.InvocationEvent.dispatch(InvocationEvent.java:318) ~[?:?]
	at java.awt.EventQueue.dispatchEventImpl(EventQueue.java:773) ~[?:?]
	at java.awt.EventQueue$4.run(EventQueue.java:720) ~[?:?]
	at java.awt.EventQueue$4.run(EventQueue.java:714) ~[?:?]
	at java.security.AccessController.doPrivileged(AccessController.java:399) ~[?:?]
	at java.security.ProtectionDomain$JavaSecurityAccessImpl.doIntersectionPrivilege(ProtectionDomain.java:86) ~[?:?]
	at java.awt.EventQueue.dispatchEvent(EventQueue.java:742) ~[?:?]
	at java.awt.EventDispatchThread.pumpOneEventForFilters(EventDispatchThread.java:203) ~[?:?]
	at java.awt.EventDispatchThread.pumpEventsForFilter(EventDispatchThread.java:124) ~[?:?]
	at java.awt.EventDispatchThread.pumpEventsForHierarchy(EventDispatchThread.java:113) ~[?:?]
	at java.awt.EventDispatchThread.pumpEvents(EventDispatchThread.java:109) ~[?:?]
	at java.awt.EventDispatchThread.pumpEvents(EventDispatchThread.java:101) ~[?:?]
	at java.awt.EventDispatchThread.run(EventDispatchThread.java:90) ~[?:?]
2024-01-10 12:00:44,474 [WARN] ThirdParty:871 - waiting for thirdparty lock release [close project]
2024-01-10 12:00:44,475 [INFO] ThirdParty:873 - entering critical section [close project]
2024-01-10 12:00:44,475 [INFO] ThirdParty:883 - exiting critical section [close project]
2024-01-10 12:00:44,478 [INFO] PinOutPanel:1499 - setPackage(No Configuration,No Configuration)
2024-01-10 12:00:44,495 [WARN] IpParametersView:151 - Warning: This peripheral hasn't parameters
2024-01-10 12:00:44,508 [WARN] MainPanel:272 - <html><b><center>Warning: This peripheral has no parameters to be configured<br></b></html>
2024-01-10 12:00:44,514 [INFO] UtilMem:75 - Begin LoadConfig() Used Memory: 443933832 Bytes (832569344)
2024-01-10 12:00:44,515 [INFO] MicroXplorer:468 - Change Database Path : 
2024-01-10 12:00:44,516 [INFO] MicroXplorer:498 - Change Database Version : DB.6.0.100
2024-01-10 12:00:44,516 [INFO] OpenFileManager:312 - Change cursor
2024-01-10 12:00:44,546 [INFO] RulesReader:64 - Compatibility file has been processed (297 Rules)
2024-01-10 12:00:44,738 [INFO] Mcu:2016 - Initializing MCU STM32F411RETx STM32F411RETx STM32F411RET6
2024-01-10 12:00:46,301 [INFO] Context:659 - Trying to add GPIOservice into a context  which must be forbidden
2024-01-10 12:00:46,746 [INFO] ImportTextPane:194 - (OptionalMessage_ERROR) Unable to find key (Mcu.ThirdPartyNb) in loaded IOC file
2024-01-10 12:00:46,746 [INFO] ImportTextPane:194 - (OptionalMessage_ERROR) Unable to find key (Mcu.PinsNb) in loaded IOC file
2024-01-10 12:00:46,747 [INFO] ImportTextPane:194 - (OptionalMessage_ERROR) Unable to find key (Mcu.IPNb) in loaded IOC file
2024-01-10 12:00:46,791 [INFO] RtosManager:555 - Registered RTOS mode: class=CMSIS, group=RTOS, mode=CMSIS_V1, owner=FREERTOS
2024-01-10 12:00:46,792 [INFO] RtosManager:555 - Registered RTOS mode: class=CMSIS, group=RTOS2, mode=CMSIS_V2, owner=FREERTOS
2024-01-10 12:00:46,792 [INFO] RtosManager:555 - Registered RTOS mode: class=RTOS, group=Core, mode=CMSIS_V1, owner=FREERTOS
2024-01-10 12:00:46,792 [INFO] RtosManager:555 - Registered RTOS mode: class=RTOS, group=Core, mode=CMSIS_V2, owner=FREERTOS
2024-01-10 12:00:46,792 [WARN] ModelIntegratedComponent:184 - Missing modes for component STMicroelectronics:FreeRTOS:0.0.1:STMicroelectronics:RTOS:FreeRTOS:Core:::10.2.0:
2024-01-10 12:00:46,799 [WARN] ModelIntegratedComponent:182 - Modes not found for component STMicroelectronics:USB_HOST:1.0.0:STMicroelectronics:USB::USB Host:Audio HS::1.0:USB_HOST_1_0_RESTRICTED_HS
2024-01-10 12:00:46,799 [WARN] ModelIntegratedComponent:188 - Modes not found for component STMicroelectronics:USB_HOST:1.0.0:STMicroelectronics:USB::USB Host:Audio HS::1.0:USB_HOST_1_0_RESTRICTED_HS
2024-01-10 12:00:46,799 [WARN] ModelIntegratedComponent:182 - Modes not found for component STMicroelectronics:USB_HOST:1.0.0:STMicroelectronics:USB::USB Host:CDC HS::1.0:USB_HOST_1_0_RESTRICTED_HS
2024-01-10 12:00:46,799 [WARN] ModelIntegratedComponent:188 - Modes not found for component STMicroelectronics:USB_HOST:1.0.0:STMicroelectronics:USB::USB Host:CDC HS::1.0:USB_HOST_1_0_RESTRICTED_HS
2024-01-10 12:00:46,799 [WARN] ModelIntegratedComponent:182 - Modes not found for component STMicroelectronics:USB_HOST:1.0.0:STMicroelectronics:USB::USB Host:MSC HS::1.0:USB_HOST_1_0_RESTRICTED_HS
2024-01-10 12:00:46,800 [WARN] ModelIntegratedComponent:188 - Modes not found for component STMicroelectronics:USB_HOST:1.0.0:STMicroelectronics:USB::USB Host:MSC HS::1.0:USB_HOST_1_0_RESTRICTED_HS
2024-01-10 12:00:46,800 [WARN] ModelIntegratedComponent:182 - Modes not found for component STMicroelectronics:USB_HOST:1.0.0:STMicroelectronics:USB::USB Host:HID HS::1.0:USB_HOST_1_0_RESTRICTED_HS
2024-01-10 12:00:46,800 [WARN] ModelIntegratedComponent:188 - Modes not found for component STMicroelectronics:USB_HOST:1.0.0:STMicroelectronics:USB::USB Host:HID HS::1.0:USB_HOST_1_0_RESTRICTED_HS
2024-01-10 12:00:46,800 [WARN] ModelIntegratedComponent:182 - Modes not found for component STMicroelectronics:USB_HOST:1.0.0:STMicroelectronics:USB::USB Host:MTP HS::1.0:USB_HOST_1_0_RESTRICTED_HS
2024-01-10 12:00:46,800 [WARN] ModelIntegratedComponent:188 - Modes not found for component STMicroelectronics:USB_HOST:1.0.0:STMicroelectronics:USB::USB Host:MTP HS::1.0:USB_HOST_1_0_RESTRICTED_HS
2024-01-10 12:00:46,809 [WARN] ModelIntegratedComponent:63 - No mode defined for component null
2024-01-10 12:00:46,809 [WARN] ModelIntegratedComponent:63 - No mode defined for component null
2024-01-10 12:00:46,809 [WARN] ModelIntegratedComponent:63 - No mode defined for component null
2024-01-10 12:00:46,810 [WARN] ModelIntegratedComponent:63 - No mode defined for component null
2024-01-10 12:00:46,810 [WARN] ModelIntegratedComponent:63 - No mode defined for component null
2024-01-10 12:00:46,810 [WARN] ModelIntegratedComponent:63 - No mode defined for component null
2024-01-10 12:00:46,810 [WARN] ModelIntegratedComponent:63 - No mode defined for component null
2024-01-10 12:00:46,810 [WARN] ModelIntegratedComponent:63 - No mode defined for component null
2024-01-10 12:00:46,810 [WARN] ModelIntegratedComponent:63 - No mode defined for component null
2024-01-10 12:00:46,810 [WARN] ModelIntegratedComponent:63 - No mode defined for component null
2024-01-10 12:00:46,810 [WARN] ModelIntegratedComponent:63 - No mode defined for component null
2024-01-10 12:00:46,810 [WARN] ModelIntegratedComponent:63 - No mode defined for component null
2024-01-10 12:00:46,810 [WARN] ModelIntegratedComponent:63 - No mode defined for component null
2024-01-10 12:00:46,810 [WARN] ModelIntegratedComponent:63 - No mode defined for component null
2024-01-10 12:00:46,811 [WARN] ModelIntegratedComponent:63 - No mode defined for component null
2024-01-10 12:00:46,811 [WARN] ModelIntegratedComponent:63 - No mode defined for component null
2024-01-10 12:00:46,811 [WARN] ModelIntegratedComponent:63 - No mode defined for component null
2024-01-10 12:00:46,811 [WARN] ModelIntegratedComponent:63 - No mode defined for component null
2024-01-10 12:00:46,811 [WARN] ModelIntegratedComponent:63 - No mode defined for component null
2024-01-10 12:00:46,811 [WARN] ModelIntegratedComponent:63 - No mode defined for component null
2024-01-10 12:00:46,811 [WARN] ModelIntegratedComponent:63 - No mode defined for component null
2024-01-10 12:00:46,811 [WARN] ModelIntegratedComponent:63 - No mode defined for component null
2024-01-10 12:00:46,811 [WARN] ModelIntegratedComponent:63 - No mode defined for component null
2024-01-10 12:00:46,811 [WARN] ModelIntegratedComponent:63 - No mode defined for component null
2024-01-10 12:00:46,812 [WARN] ModelIntegratedComponent:63 - No mode defined for component null
2024-01-10 12:00:46,812 [WARN] ModelIntegratedComponent:63 - No mode defined for component null
2024-01-10 12:00:46,812 [WARN] ModelIntegratedComponent:63 - No mode defined for component null
2024-01-10 12:00:46,812 [WARN] ModelIntegratedComponent:63 - No mode defined for component null
2024-01-10 12:00:46,812 [WARN] ModelIntegratedComponent:63 - No mode defined for component null
2024-01-10 12:00:46,812 [WARN] ModelIntegratedComponent:63 - No mode defined for component null
2024-01-10 12:00:46,812 [WARN] ModelIntegratedComponent:63 - No mode defined for component null
2024-01-10 12:00:46,812 [WARN] ModelIntegratedComponent:63 - No mode defined for component null
2024-01-10 12:00:46,812 [WARN] ModelIntegratedComponent:63 - No mode defined for component null
2024-01-10 12:00:46,980 [WARN] ModelIntegratedComponent:182 - Modes not found for component STMicroelectronics:USB_DEVICE:1.0.0:STMicroelectronics:USB::USB Device:Audio HS::1.0:USB_DEVICE_1_0_RESTRICTED_HS
2024-01-10 12:00:46,980 [WARN] ModelIntegratedComponent:188 - Modes not found for component STMicroelectronics:USB_DEVICE:1.0.0:STMicroelectronics:USB::USB Device:Audio HS::1.0:USB_DEVICE_1_0_RESTRICTED_HS
2024-01-10 12:00:46,981 [WARN] ModelIntegratedComponent:182 - Modes not found for component STMicroelectronics:USB_DEVICE:1.0.0:STMicroelectronics:USB::USB Device:CDC HS::1.0:USB_DEVICE_1_0_RESTRICTED_HS
2024-01-10 12:00:46,981 [WARN] ModelIntegratedComponent:188 - Modes not found for component STMicroelectronics:USB_DEVICE:1.0.0:STMicroelectronics:USB::USB Device:CDC HS::1.0:USB_DEVICE_1_0_RESTRICTED_HS
2024-01-10 12:00:46,981 [WARN] ModelIntegratedComponent:182 - Modes not found for component STMicroelectronics:USB_DEVICE:1.0.0:STMicroelectronics:USB::USB Device:DFU HS::1.0:USB_DEVICE_1_0_RESTRICTED_HS
2024-01-10 12:00:46,981 [WARN] ModelIntegratedComponent:188 - Modes not found for component STMicroelectronics:USB_DEVICE:1.0.0:STMicroelectronics:USB::USB Device:DFU HS::1.0:USB_DEVICE_1_0_RESTRICTED_HS
2024-01-10 12:00:46,981 [WARN] ModelIntegratedComponent:182 - Modes not found for component STMicroelectronics:USB_DEVICE:1.0.0:STMicroelectronics:USB::USB Device:HID HS::1.0:USB_DEVICE_1_0_RESTRICTED_HS
2024-01-10 12:00:46,981 [WARN] ModelIntegratedComponent:188 - Modes not found for component STMicroelectronics:USB_DEVICE:1.0.0:STMicroelectronics:USB::USB Device:HID HS::1.0:USB_DEVICE_1_0_RESTRICTED_HS
2024-01-10 12:00:46,981 [WARN] ModelIntegratedComponent:182 - Modes not found for component STMicroelectronics:USB_DEVICE:1.0.0:STMicroelectronics:USB::USB Device:Custom HID HS::1.0:USB_DEVICE_1_0_RESTRICTED_HS
2024-01-10 12:00:46,981 [WARN] ModelIntegratedComponent:188 - Modes not found for component STMicroelectronics:USB_DEVICE:1.0.0:STMicroelectronics:USB::USB Device:Custom HID HS::1.0:USB_DEVICE_1_0_RESTRICTED_HS
2024-01-10 12:00:46,981 [WARN] ModelIntegratedComponent:182 - Modes not found for component STMicroelectronics:USB_DEVICE:1.0.0:STMicroelectronics:USB::USB Device:MSC HS::1.0:USB_DEVICE_1_0_RESTRICTED_HS
2024-01-10 12:00:46,981 [WARN] ModelIntegratedComponent:188 - Modes not found for component STMicroelectronics:USB_DEVICE:1.0.0:STMicroelectronics:USB::USB Device:MSC HS::1.0:USB_DEVICE_1_0_RESTRICTED_HS
2024-01-10 12:00:47,001 [INFO] ThirdPartyModel:298 - Start build external matchings
2024-01-10 12:00:47,540 [INFO] ThirdPartyModel:316 - End build external matchings
2024-01-10 12:00:47,920 [INFO] UtilMem:75 - End LoadConfig() Used Memory: 572564440 Bytes (832569344)
2024-01-10 12:00:47,962 [INFO] MicroXplorer:468 - Change Database Path : 
2024-01-10 12:00:47,963 [INFO] MicroXplorer:498 - Change Database Version : DB.6.0.100
2024-01-10 12:00:47,964 [WARN] ThirdParty:833 - waiting for thirdparty lock release [change project]
2024-01-10 12:00:47,964 [INFO] ThirdParty:835 - entering critical section [change project]
2024-01-10 12:00:47,964 [INFO] ThirdParty:1030 - CMSIS Pack Vendor :STMicroelectronics USBPD 4.1
2024-01-10 12:00:47,964 [INFO] ThirdParty:1030 - CMSIS Pack Vendor :STMicroelectronics X-CUBE-GNSS1 6.0.0
2024-01-10 12:00:47,964 [INFO] ThirdParty:1030 - CMSIS Pack Vendor :STMicroelectronics USB_HOST 2.0.0
2024-01-10 12:00:47,964 [INFO] ThirdParty:1030 - CMSIS Pack Vendor :STMicroelectronics X-CUBE-AZRTOS-F4 1.1.0
2024-01-10 12:00:47,965 [INFO] ThirdParty:1030 - CMSIS Pack Vendor :STMicroelectronics LIBJPEG 8.0.0
2024-01-10 12:00:47,965 [INFO] ThirdParty:1030 - CMSIS Pack Vendor :STMicroelectronics X-CUBE-SMBUS 2.1.0
2024-01-10 12:00:47,965 [INFO] ThirdParty:1030 - CMSIS Pack Vendor :STMicroelectronics USB_DEVICE 3.0.0
2024-01-10 12:00:47,965 [INFO] ThirdParty:1030 - CMSIS Pack Vendor :STMicroelectronics X-CUBE-AZRTOS-WB 2.0.0
2024-01-10 12:00:47,965 [INFO] ThirdParty:1030 - CMSIS Pack Vendor :wolfSSL I-CUBE-wolfSSL 5.6.6
2024-01-10 12:00:47,965 [INFO] ThirdParty:1030 - CMSIS Pack Vendor :STMicroelectronics X-CUBE-TOUCHGFX 4.23.0
2024-01-10 12:00:47,965 [INFO] ThirdParty:1030 - CMSIS Pack Vendor :STMicroelectronics X-CUBE-AZRTOS-F7 1.1.0
2024-01-10 12:00:47,965 [INFO] ThirdParty:1030 - CMSIS Pack Vendor :STMicroelectronics X-CUBE-AZRTOS-L5 2.0.0
2024-01-10 12:00:47,965 [INFO] ThirdParty:1030 - CMSIS Pack Vendor :STMicroelectronics USB_DEVICE 2.0.0
2024-01-10 12:00:47,965 [INFO] ThirdParty:1030 - CMSIS Pack Vendor :STMicroelectronics X-CUBE-EEPRMA1 4.2.0
2024-01-10 12:00:47,966 [INFO] ThirdParty:1030 - CMSIS Pack Vendor :ITTIA_DB I-CUBE-ITTIADB 8.8.0
2024-01-10 12:00:47,966 [INFO] ThirdParty:1030 - CMSIS Pack Vendor :STMicroelectronics FP-SNS-MOTENV1 4.3.2
2024-01-10 12:00:47,966 [INFO] ThirdParty:1030 - CMSIS Pack Vendor :STMicroelectronics X-CUBE-ALGOBUILD 1.3.0
2024-01-10 12:00:47,966 [INFO] ThirdParty:1030 - CMSIS Pack Vendor :STMicroelectronics FreeRTOS 0.0.1
2024-01-10 12:00:47,966 [INFO] ThirdParty:1030 - CMSIS Pack Vendor :STMicroelectronics X-CUBE-AZRTOS-G0 1.1.0
2024-01-10 12:00:47,966 [INFO] ThirdParty:1030 - CMSIS Pack Vendor :STMicroelectronics X-CUBE-NFC4 3.0.0
2024-01-10 12:00:47,966 [INFO] ThirdParty:1030 - CMSIS Pack Vendor :STMicroelectronics X-CUBE-SUBG2 5.0.0
2024-01-10 12:00:47,966 [INFO] ThirdParty:1030 - CMSIS Pack Vendor :STMicroelectronics STM32_WPAN 1.0.0
2024-01-10 12:00:47,966 [INFO] ThirdParty:1030 - CMSIS Pack Vendor :STMicroelectronics lwIP 2.0.3
2024-01-10 12:00:47,966 [INFO] ThirdParty:1030 - CMSIS Pack Vendor :STMicroelectronics FP-SNS-FLIGHT1 5.0.2
2024-01-10 12:00:47,966 [INFO] ThirdParty:1030 - CMSIS Pack Vendor :STMicroelectronics USB_HOST 1.0.0
2024-01-10 12:00:47,966 [INFO] ThirdParty:1030 - CMSIS Pack Vendor :STMicroelectronics X-CUBE-AZRTOS-G4 2.0.0
2024-01-10 12:00:47,966 [INFO] ThirdParty:1030 - CMSIS Pack Vendor :STMicroelectronics PDM2PCM 3.1.0
2024-01-10 12:00:47,967 [INFO] ThirdParty:1030 - CMSIS Pack Vendor :Infineon AIROC-Wi-Fi-Bluetooth-STM32 1.5.1
2024-01-10 12:00:47,967 [INFO] ThirdParty:1030 - CMSIS Pack Vendor :STMicroelectronics X-CUBE-BLEMGR 3.0.0
2024-01-10 12:00:47,967 [INFO] ThirdParty:1030 - CMSIS Pack Vendor :STMicroelectronics PDM2PCM 3.3.0
2024-01-10 12:00:47,967 [INFO] ThirdParty:1030 - CMSIS Pack Vendor :STMicroelectronics X-CUBE-DISPLAY 3.0.0
2024-01-10 12:00:47,967 [INFO] ThirdParty:1030 - CMSIS Pack Vendor :STMicroelectronics FP-SNS-MOTENVWB1 1.3.1
2024-01-10 12:00:47,967 [INFO] ThirdParty:1030 - CMSIS Pack Vendor :STMicroelectronics X-CUBE-BLE1 7.0.0
2024-01-10 12:00:47,967 [INFO] ThirdParty:1030 - CMSIS Pack Vendor :STMicroelectronics FP-ATR-SIGFOX1 3.2.0
2024-01-10 12:00:47,967 [INFO] ThirdParty:1030 - CMSIS Pack Vendor :STMicroelectronics X-CUBE-ISPU 2.0.0
2024-01-10 12:00:47,967 [INFO] ThirdParty:1030 - CMSIS Pack Vendor :STMicroelectronics HAL Drivers 0.0.0
2024-01-10 12:00:47,967 [INFO] ThirdParty:1030 - CMSIS Pack Vendor :STMicroelectronics MBEDTLS 2.16.2
2024-01-10 12:00:47,967 [INFO] ThirdParty:1030 - CMSIS Pack Vendor :emotas I-CUBE-CANOPEN 1.3.0
2024-01-10 12:00:47,967 [INFO] ThirdParty:1030 - CMSIS Pack Vendor :STMicroelectronics X-CUBE-MEMS1 10.0.0
2024-01-10 12:00:47,967 [INFO] ThirdParty:1030 - CMSIS Pack Vendor :STMicroelectronics X-CUBE-FREERTOS 1.1.0
2024-01-10 12:00:47,967 [INFO] ThirdParty:1030 - CMSIS Pack Vendor :STMicroelectronics X-CUBE-NFC7 1.0.1
2024-01-10 12:00:47,968 [INFO] ThirdParty:1030 - CMSIS Pack Vendor :STMicroelectronics MBEDTLS 2.14.1
2024-01-10 12:00:47,968 [INFO] ThirdParty:1030 - CMSIS Pack Vendor :STMicroelectronics X-CUBE-NFC6 3.0.0
2024-01-10 12:00:47,968 [INFO] ThirdParty:1030 - CMSIS Pack Vendor :portGmbH I-Cube-SoM-uGOAL 1.1.0
2024-01-10 12:00:47,968 [INFO] ThirdParty:1030 - CMSIS Pack Vendor :STMicroelectronics X-CUBE-ALS 1.0.1
2024-01-10 12:00:47,968 [INFO] ThirdParty:1030 - CMSIS Pack Vendor :STMicroelectronics ThreadX 1.0.0
2024-01-10 12:00:47,968 [INFO] ThirdParty:1030 - CMSIS Pack Vendor :STMicroelectronics FP-SNS-SMARTAG2 1.2.0
2024-01-10 12:00:47,968 [INFO] ThirdParty:1030 - CMSIS Pack Vendor :STMicroelectronics X-CUBE-AZRTOS-WL 2.0.0
2024-01-10 12:00:47,968 [INFO] ThirdParty:1030 - CMSIS Pack Vendor :SEGGER I-CUBE-embOS 1.3.1
2024-01-10 12:00:47,968 [INFO] ThirdParty:1030 - CMSIS Pack Vendor :STMicroelectronics USB_DEVICE 1.0.0
2024-01-10 12:00:47,969 [INFO] ThirdParty:1030 - CMSIS Pack Vendor :STMicroelectronics X-CUBE-AI 8.1.0
2024-01-10 12:00:47,969 [INFO] ThirdParty:1030 - CMSIS Pack Vendor :STMicroelectronics X-CUBE-AZRTOS-L4 2.0.0
2024-01-10 12:00:47,969 [INFO] ThirdParty:1030 - CMSIS Pack Vendor :STMicroelectronics ThreadX 0.0.2
2024-01-10 12:00:47,969 [INFO] ThirdParty:1030 - CMSIS Pack Vendor :WES I-CUBE-Cesium 1.3.0
2024-01-10 12:00:47,969 [INFO] ThirdParty:1030 - CMSIS Pack Vendor :STMicroelectronics FP-ATR-ASTRA1 2.0.0
2024-01-10 12:00:47,969 [INFO] ThirdParty:1030 - CMSIS Pack Vendor :STMicroelectronics lwIP 2.1.2
2024-01-10 12:00:47,969 [INFO] ThirdParty:1030 - CMSIS Pack Vendor :STMicroelectronics X-CUBE-SFXS2LP1 4.0.0
2024-01-10 12:00:47,969 [INFO] ThirdParty:1030 - CMSIS Pack Vendor :STMicroelectronics X-CUBE-BLE2 3.3.0
2024-01-10 12:00:47,969 [INFO] ThirdParty:1030 - CMSIS Pack Vendor :STMicroelectronics X-CUBE-TOF1 3.4.0
2024-01-10 12:00:47,969 [INFO] ThirdParty:1030 - CMSIS Pack Vendor :STMicroelectronics X-CUBE-AZRTOS-H7 3.2.0
2024-01-10 12:00:47,969 [INFO] ThirdParty:1030 - CMSIS Pack Vendor :STMicroelectronics PDM2PCM 3.2.0
2024-01-10 12:00:47,970 [INFO] ThirdParty:841 - exiting critical section [change project]
2024-01-10 12:00:48,229 [INFO] PinOutPanel:1499 - setPackage(No Configuration,No Configuration)
2024-01-10 12:00:48,231 [INFO] PinOutPanel:1499 - setPackage(STM32F411RETx,LQFP64)
2024-01-10 12:00:48,651 [INFO] UtilMem:75 - Before build in PCC Used Memory: 300577216 Bytes (832569344)
2024-01-10 12:00:49,088 [INFO] UtilMem:75 - After build in PCC Used Memory: 342520256 Bytes (832569344)
2024-01-10 12:00:49,177 [INFO] IPUIPlugin:80 - create IPUIPlugin
2024-01-10 12:00:49,177 [INFO] IPUIPlugin:80 - create IPUIPlugin
2024-01-10 12:00:49,178 [INFO] IPUIPlugin:80 - create IPUIPlugin
2024-01-10 12:00:49,178 [INFO] IPUIPlugin:80 - create IPUIPlugin
2024-01-10 12:00:49,178 [INFO] IPUIPlugin:80 - create IPUIPlugin
2024-01-10 12:00:49,178 [INFO] IPUIPlugin:80 - create IPUIPlugin
2024-01-10 12:00:49,178 [INFO] IPUIPlugin:80 - create IPUIPlugin
2024-01-10 12:00:49,178 [INFO] IPUIPlugin:80 - create IPUIPlugin
2024-01-10 12:00:49,178 [INFO] IPUIPlugin:80 - create IPUIPlugin
2024-01-10 12:00:49,179 [INFO] IPUIPlugin:80 - create IPUIPlugin
2024-01-10 12:00:49,179 [INFO] IPUIPlugin:80 - create IPUIPlugin
2024-01-10 12:00:49,179 [INFO] IPUIPlugin:80 - create IPUIPlugin
2024-01-10 12:00:49,179 [INFO] IPUIPlugin:80 - create IPUIPlugin
2024-01-10 12:00:49,179 [INFO] IPUIPlugin:80 - create IPUIPlugin
2024-01-10 12:00:49,180 [INFO] IPUIPlugin:80 - create IPUIPlugin
2024-01-10 12:00:49,180 [INFO] IPUIPlugin:80 - create IPUIPlugin
2024-01-10 12:00:49,180 [INFO] IPUIPlugin:80 - create IPUIPlugin
2024-01-10 12:00:49,180 [INFO] IPUIPlugin:80 - create IPUIPlugin
2024-01-10 12:00:49,181 [INFO] IPUIPlugin:80 - create IPUIPlugin
2024-01-10 12:00:49,181 [INFO] IPUIPlugin:80 - create IPUIPlugin
2024-01-10 12:00:49,182 [INFO] IPUIPlugin:80 - create IPUIPlugin
2024-01-10 12:00:49,182 [INFO] IPUIPlugin:80 - create IPUIPlugin
2024-01-10 12:00:49,182 [INFO] IPUIPlugin:80 - create IPUIPlugin
2024-01-10 12:00:49,183 [INFO] IPUIPlugin:80 - create IPUIPlugin
2024-01-10 12:00:49,183 [INFO] IPUIPlugin:80 - create IPUIPlugin
2024-01-10 12:00:49,183 [INFO] IPUIPlugin:80 - create IPUIPlugin
2024-01-10 12:00:49,184 [INFO] IPUIPlugin:80 - create IPUIPlugin
2024-01-10 12:00:49,184 [INFO] IPUIPlugin:80 - create IPUIPlugin
2024-01-10 12:00:49,185 [INFO] IPUIPlugin:80 - create IPUIPlugin
2024-01-10 12:00:49,186 [INFO] IPUIPlugin:80 - create IPUIPlugin
2024-01-10 12:00:49,187 [INFO] IPUIPlugin:80 - create IPUIPlugin
2024-01-10 12:00:49,187 [INFO] IPUIPlugin:80 - create IPUIPlugin
2024-01-10 12:00:49,187 [INFO] IPUIPlugin:80 - create IPUIPlugin
2024-01-10 12:00:49,188 [INFO] IPUIPlugin:80 - create IPUIPlugin
2024-01-10 12:00:49,188 [INFO] IPUIPlugin:80 - create IPUIPlugin
2024-01-10 12:00:49,189 [INFO] IPUIPlugin:80 - create IPUIPlugin
2024-01-10 12:00:49,189 [INFO] IPUIPlugin:80 - create IPUIPlugin
2024-01-10 12:00:49,190 [INFO] IPUIPlugin:80 - create IPUIPlugin
2024-01-10 12:00:49,190 [INFO] IPUIPlugin:80 - create IPUIPlugin
2024-01-10 12:00:49,191 [INFO] IPUIPlugin:80 - create IPUIPlugin
2024-01-10 12:00:49,192 [INFO] IPUIPlugin:80 - create IPUIPlugin
2024-01-10 12:00:49,196 [INFO] IPUIPlugin:80 - create IPUIPlugin
2024-01-10 12:00:49,197 [INFO] IPUIPlugin:80 - create IPUIPlugin
2024-01-10 12:00:49,206 [INFO] ApiDbMcu:508 - Load IP Config File for PDM2PCM
2024-01-10 12:00:49,272 [INFO] CADModel:165 - CPN selected for project levelSTM32F411RET6
2024-01-10 12:00:49,272 [INFO] CADModel:114 - Register for checkConnection events
2024-01-10 12:00:49,349 [INFO] OpenFileManager:343 - Restore cursor
2024-01-10 12:00:50,002 [INFO] UtilMem:75 - End SaveConfig() Used Memory: 414872000 Bytes (832569344)
2024-01-10 12:00:50,247 [INFO] UtilMem:75 - End SaveConfig() Used Memory: 430600640 Bytes (832569344)
2024-01-10 12:00:50,603 [INFO] BlockDiagram:2759 - set Specific Code input for plugin: NVIC
2024-01-10 12:00:50,603 [INFO] BlockDiagram:2759 - set Specific Code input for plugin: RCC
2024-01-10 12:00:50,606 [INFO] CodeGenerator:807 - code generatio: config db path: C:\Users\user\Downloads\STM32CubeIDE_1.14.0\STM32CubeIDE\plugins\com.st.stm32cube.common.mx_6.10.0.202311202037\\db\
2024-01-10 12:00:50,847 [INFO] CodeEngine:255 - oldGeneratedFile, C:\Users\user\STM32CubeIDE\workspace_1.14.0\tempAdc\MXTmpFiles\license.tmp_save
2024-01-10 12:00:51,021 [INFO] CodeEngine:279 - Generated code: C:\Users\user\STM32CubeIDE\workspace_1.14.0\tempAdc\MXTmpFiles\license.tmp
2024-01-10 12:00:51,053 [INFO] CodeEngine:255 - oldGeneratedFile, C:\Users\user\STM32CubeIDE\workspace_1.14.0\tempAdc\Core\Src\stm32f4xx_it.c_save
2024-01-10 12:00:51,628 [INFO] CodeEngine:279 - Generated code: C:\Users\user\STM32CubeIDE\workspace_1.14.0\tempAdc\Core\Src\stm32f4xx_it.c
2024-01-10 12:00:51,643 [INFO] CodeEngine:255 - oldGeneratedFile, C:\Users\user\STM32CubeIDE\workspace_1.14.0\tempAdc\Core\Inc\stm32f4xx_it.h_save
2024-01-10 12:00:51,805 [INFO] CodeEngine:279 - Generated code: C:\Users\user\STM32CubeIDE\workspace_1.14.0\tempAdc\Core\Inc\stm32f4xx_it.h
2024-01-10 12:00:51,870 [INFO] CodeEngine:255 - oldGeneratedFile, C:\Users\user\STM32CubeIDE\workspace_1.14.0\tempAdc\Core\Src\stm32f4xx_hal_msp.c_save
2024-01-10 12:00:52,060 [INFO] CodeEngine:279 - Generated code: C:\Users\user\STM32CubeIDE\workspace_1.14.0\tempAdc\Core\Src\stm32f4xx_hal_msp.c
2024-01-10 12:00:52,076 [INFO] CodeEngine:255 - oldGeneratedFile, C:\Users\user\STM32CubeIDE\workspace_1.14.0\tempAdc\MXTmpFiles\system.tmp_save
2024-01-10 12:00:52,201 [INFO] CodeEngine:279 - Generated code: C:\Users\user\STM32CubeIDE\workspace_1.14.0\tempAdc\MXTmpFiles\system.tmp
2024-01-10 12:00:52,230 [INFO] CodeEngine:311 - oldGeneratedFile, C:\Users\user\STM32CubeIDE\workspace_1.14.0\tempAdc\Core\Inc\stm32f4xx_hal_conf.h_save
2024-01-10 12:00:52,336 [INFO] CodeEngine:335 - Generated code: C:\Users\user\STM32CubeIDE\workspace_1.14.0\tempAdc\Core\Inc\stm32f4xx_hal_conf.h
2024-01-10 12:00:52,395 [INFO] CodeEngine:255 - oldGeneratedFile, C:\Users\user\STM32CubeIDE\workspace_1.14.0\tempAdc\Core\Inc\main.h_save
2024-01-10 12:00:52,523 [INFO] CodeEngine:279 - Generated code: C:\Users\user\STM32CubeIDE\workspace_1.14.0\tempAdc\Core\Inc\main.h
2024-01-10 12:00:52,535 [INFO] CodeEngine:255 - oldGeneratedFile, C:\Users\user\STM32CubeIDE\workspace_1.14.0\tempAdc\Core\Src\main.c_save
2024-01-10 12:00:52,683 [INFO] CodeEngine:279 - Generated code: C:\Users\user\STM32CubeIDE\workspace_1.14.0\tempAdc\Core\Src\main.c
2024-01-10 12:00:54,122 [INFO] ProjectBuilder:3076 - Time for Copy HAL[1] : 573mS.
2024-01-10 12:00:54,134 [INFO] ProjectBuilder:4485 - Project Generator version: 4.2.0-B44
2024-01-10 12:00:54,438 [INFO] ConfigFileManager:1495 - The Die is : DIE431
2024-01-10 12:00:54,443 [INFO] ApiDbMcu:508 - Load IP Config File for FATFS
2024-01-10 12:00:54,453 [INFO] ApiDbMcu:508 - Load IP Config File for FREERTOS
2024-01-10 12:00:54,458 [INFO] ApiDbMcu:508 - Load IP Config File for LIBJPEG
2024-01-10 12:00:54,470 [INFO] ApiDbMcu:508 - Load IP Config File for MBEDTLS
2024-01-10 12:00:54,487 [INFO] ApiDbMcu:508 - Load IP Config File for USB_DEVICE
2024-01-10 12:00:54,496 [INFO] ApiDbMcu:508 - Load IP Config File for USB_HOST
2024-01-10 12:01:05,826 [INFO] ProjectBuilder:4747 - Time for Generating toolchain IDE Files: 11691mS.
2024-01-10 12:01:05,828 [INFO] ProjectBuilder:2947 - Time for Copy CMSIS : 2mS.
2024-01-10 12:01:05,839 [INFO] ProjectBuilder:2947 - Time for Copy CMSIS : 0mS.
2024-01-10 12:01:07,519 [INFO] McuFinderGlobals:76 - Set McuFinderConnectedMode to true
2024-01-10 12:01:07,525 [INFO] ApiDb:448 - Save user favorites file C:\Users\user/.stm32cubeide/favorites.mcus.txt: 0 item(s)
2024-01-10 12:01:07,525 [INFO] ApiDb:452 - User favorites MCUs=[]
2024-01-10 12:03:05,327 [INFO] ADCParametersView:116 -                Rank 1 : false
2024-01-10 12:03:05,380 [INFO] ADCParametersView:116 -                Rank 1 : false
2024-01-10 12:03:05,381 [INFO] ADCParametersView:116 -                Rank 1 : false
2024-01-10 12:03:05,381 [INFO] ADCParametersView:116 -                Rank 1 : false
2024-01-10 12:03:05,381 [INFO] ADCParametersView:116 -                Rank 1 : false
2024-01-10 12:03:05,382 [INFO] ADCParametersView:116 -                Rank 1 : false
2024-01-10 12:03:05,382 [INFO] ADCParametersView:116 -                Rank 1 : false
2024-01-10 12:03:05,382 [INFO] ADCParametersView:116 -                Rank 1 : false
2024-01-10 12:03:05,382 [INFO] ADCParametersView:116 -                Rank 1 : false
2024-01-10 12:03:05,383 [INFO] ADCParametersView:116 -                Rank 1 : false
2024-01-10 12:03:05,383 [INFO] ADCParametersView:116 -                Rank 1 : false
2024-01-10 12:03:05,383 [INFO] ADCParametersView:116 -                Rank 1 : false
2024-01-10 12:03:05,383 [INFO] ADCParametersView:116 -                Rank 1 : false
2024-01-10 12:03:05,383 [INFO] ADCParametersView:116 -                Rank 1 : false
2024-01-10 12:03:05,383 [INFO] ADCParametersView:116 -                Rank 1 : false
2024-01-10 12:03:05,405 [INFO] ADCParametersView:116 -                Rank 1 : false
2024-01-10 12:03:05,504 [INFO] NvicIntPanel:101 - NVIC parent = com.st.microxplorer.plugins.ip.nvic.MultiNvicIntPanel[,0,0,0x0,invalid,layout=javax.swing.BoxLayout,alignmentX=0.0,alignmentY=0.0,border=,flags=9,maximumSize=,minimumSize=,preferredSize=]
2024-01-10 12:03:05,705 [INFO] ADCParametersView:116 -                Rank 1 : false
2024-01-10 12:03:05,706 [INFO] ADCParametersView:116 -                Rank 1 : false
2024-01-10 12:03:05,707 [INFO] ADCParametersView:116 -                Rank 1 : false
2024-01-10 12:03:05,707 [INFO] ADCParametersView:116 -                Rank 1 : false
2024-01-10 12:03:05,707 [INFO] ADCParametersView:116 -                Rank 1 : false
2024-01-10 12:03:05,707 [INFO] ADCParametersView:116 -                Rank 1 : false
2024-01-10 12:03:05,708 [INFO] ADCParametersView:116 -                Rank 1 : false
2024-01-10 12:03:05,708 [INFO] ADCParametersView:116 -                Rank 1 : false
2024-01-10 12:03:05,708 [INFO] ADCParametersView:116 -                Rank 1 : false
2024-01-10 12:03:05,708 [INFO] ADCParametersView:116 -                Rank 1 : false
2024-01-10 12:03:05,708 [INFO] ADCParametersView:116 -                Rank 1 : false
2024-01-10 12:03:05,709 [INFO] ADCParametersView:116 -                Rank 1 : false
2024-01-10 12:03:05,709 [INFO] ADCParametersView:116 -                Rank 1 : false
2024-01-10 12:03:05,709 [INFO] ADCParametersView:116 -                Rank 1 : false
2024-01-10 12:03:05,743 [INFO] ADCParametersView:116 -                Rank 1 : false
2024-01-10 12:03:05,778 [INFO] ADCParametersView:116 -                Rank 1 : false
2024-01-10 12:03:05,779 [INFO] ADCParametersView:116 -                Rank 1 : false
2024-01-10 12:03:05,779 [INFO] ADCParametersView:116 -                Rank 1 : false
2024-01-10 12:03:05,779 [INFO] ADCParametersView:116 -                Rank 1 : false
2024-01-10 12:03:05,779 [INFO] ADCParametersView:116 -                Rank 1 : false
2024-01-10 12:03:05,779 [INFO] ADCParametersView:116 -                Rank 1 : false
2024-01-10 12:03:05,779 [INFO] ADCParametersView:116 -                Rank 1 : false
2024-01-10 12:03:05,779 [INFO] ADCParametersView:116 -                Rank 1 : false
2024-01-10 12:03:05,779 [INFO] ADCParametersView:116 -                Rank 1 : false
2024-01-10 12:03:05,780 [INFO] ADCParametersView:116 -                Rank 1 : false
2024-01-10 12:03:05,780 [INFO] ADCParametersView:116 -                Rank 1 : false
2024-01-10 12:03:05,780 [INFO] ADCParametersView:116 -                Rank 1 : false
2024-01-10 12:03:05,780 [INFO] ADCParametersView:116 -                Rank 1 : false
2024-01-10 12:03:05,780 [INFO] ADCParametersView:116 -                Rank 1 : false
2024-01-10 12:03:05,812 [INFO] ADCParametersView:116 -                Rank 1 : false
2024-01-10 12:03:40,023 [INFO] ADCParametersView:116 -                Rank 1 : false
2024-01-10 12:03:40,029 [INFO] ADCParametersView:116 -                Rank 1 : false
2024-01-10 12:03:40,029 [INFO] ADCParametersView:116 -                Rank 1 : false
2024-01-10 12:03:40,030 [INFO] ADCParametersView:116 -                Rank 1 : false
2024-01-10 12:03:40,030 [INFO] ADCParametersView:116 -                Rank 1 : false
2024-01-10 12:03:40,030 [INFO] ADCParametersView:116 -                Rank 1 : false
2024-01-10 12:03:40,030 [INFO] ADCParametersView:116 -                Rank 1 : false
2024-01-10 12:03:40,030 [INFO] ADCParametersView:116 -                Rank 1 : false
2024-01-10 12:03:40,030 [INFO] ADCParametersView:116 -                Rank 1 : false
2024-01-10 12:03:40,031 [INFO] ADCParametersView:116 -                Rank 1 : false
2024-01-10 12:03:40,031 [INFO] ADCParametersView:116 -                Rank 1 : false
2024-01-10 12:03:40,031 [INFO] ADCParametersView:116 -                Rank 1 : false
2024-01-10 12:03:40,031 [INFO] ADCParametersView:116 -                Rank 1 : false
2024-01-10 12:03:40,031 [INFO] ADCParametersView:116 -                Rank 1 : false
2024-01-10 12:03:40,047 [INFO] ADCParametersView:116 -                Rank 1 : false
2024-01-10 12:03:40,071 [INFO] ADCParametersView:116 -                Rank 1 : false
2024-01-10 12:03:40,072 [INFO] ADCParametersView:116 -                Rank 1 : false
2024-01-10 12:03:40,072 [INFO] ADCParametersView:116 -                Rank 1 : false
2024-01-10 12:03:40,072 [INFO] ADCParametersView:116 -                Rank 1 : false
2024-01-10 12:03:40,072 [INFO] ADCParametersView:116 -                Rank 1 : false
2024-01-10 12:03:40,072 [INFO] ADCParametersView:116 -                Rank 1 : false
2024-01-10 12:03:40,073 [INFO] ADCParametersView:116 -                Rank 1 : false
2024-01-10 12:03:40,073 [INFO] ADCParametersView:116 -                Rank 1 : false
2024-01-10 12:03:40,073 [INFO] ADCParametersView:116 -                Rank 1 : false
2024-01-10 12:03:40,073 [INFO] ADCParametersView:116 -                Rank 1 : false
2024-01-10 12:03:40,073 [INFO] ADCParametersView:116 -                Rank 1 : false
2024-01-10 12:03:40,073 [INFO] ADCParametersView:116 -                Rank 1 : false
2024-01-10 12:03:40,073 [INFO] ADCParametersView:116 -                Rank 1 : false
2024-01-10 12:03:40,073 [INFO] ADCParametersView:116 -                Rank 1 : false
2024-01-10 12:03:40,088 [INFO] ADCParametersView:116 -                Rank 1 : false
2024-01-10 12:03:40,128 [INFO] ADCParametersView:116 -                Rank 1 : false
2024-01-10 12:03:40,129 [INFO] ADCParametersView:116 -                Rank 1 : false
2024-01-10 12:03:40,129 [INFO] ADCParametersView:116 -                Rank 1 : false
2024-01-10 12:03:40,130 [INFO] ADCParametersView:116 -                Rank 1 : false
2024-01-10 12:03:40,130 [INFO] ADCParametersView:116 -                Rank 1 : false
2024-01-10 12:03:40,130 [INFO] ADCParametersView:116 -                Rank 1 : false
2024-01-10 12:03:40,130 [INFO] ADCParametersView:116 -                Rank 1 : false
2024-01-10 12:03:40,130 [INFO] ADCParametersView:116 -                Rank 1 : false
2024-01-10 12:03:40,130 [INFO] ADCParametersView:116 -                Rank 1 : false
2024-01-10 12:03:40,130 [INFO] ADCParametersView:116 -                Rank 1 : false
2024-01-10 12:03:40,130 [INFO] ADCParametersView:116 -                Rank 1 : false
2024-01-10 12:03:40,130 [INFO] ADCParametersView:116 -                Rank 1 : false
2024-01-10 12:03:40,131 [INFO] ADCParametersView:116 -                Rank 1 : false
2024-01-10 12:03:40,131 [INFO] ADCParametersView:116 -                Rank 1 : false
2024-01-10 12:03:40,164 [INFO] ADCParametersView:116 -                Rank 1 : false
2024-01-10 12:04:11,122 [INFO] SpinnerEditorADC:65 - is string kkkk
2024-01-10 12:09:41,100 [INFO] NvicIntPanel:101 - NVIC parent = com.st.microxplorer.plugins.ip.nvic.MultiNvicIntPanel[,0,0,0x0,invalid,layout=javax.swing.BoxLayout,alignmentX=0.0,alignmentY=0.0,border=,flags=9,maximumSize=,minimumSize=,preferredSize=]
2024-01-10 12:09:41,162 [INFO] ADCParametersView:116 -                Rank 1 : false
2024-01-10 12:09:41,164 [INFO] ADCParametersView:116 -                Rank 1 : false
2024-01-10 12:09:41,164 [INFO] ADCParametersView:116 -                Rank 1 : false
2024-01-10 12:09:41,164 [INFO] ADCParametersView:116 -                Rank 1 : false
2024-01-10 12:09:41,165 [INFO] ADCParametersView:116 -                Rank 1 : false
2024-01-10 12:09:41,165 [INFO] ADCParametersView:116 -                Rank 1 : false
2024-01-10 12:09:41,165 [INFO] ADCParametersView:116 -                Rank 1 : false
2024-01-10 12:09:41,165 [INFO] ADCParametersView:116 -                Rank 1 : false
2024-01-10 12:09:41,165 [INFO] ADCParametersView:116 -                Rank 1 : false
2024-01-10 12:09:41,165 [INFO] ADCParametersView:116 -                Rank 1 : false
2024-01-10 12:09:41,165 [INFO] ADCParametersView:116 -                Rank 1 : false
2024-01-10 12:09:41,165 [INFO] ADCParametersView:116 -                Rank 1 : false
2024-01-10 12:09:41,165 [INFO] ADCParametersView:116 -                Rank 1 : false
2024-01-10 12:09:41,165 [INFO] ADCParametersView:116 -                Rank 1 : false
2024-01-10 12:09:41,198 [INFO] ADCParametersView:116 -                Rank 1 : false
2024-01-10 12:09:43,018 [INFO] ADCParametersView:116 -                Rank 1 : true
2024-01-10 12:10:22,096 [INFO] NvicIntPanel:101 - NVIC parent = com.st.microxplorer.plugins.ip.nvic.MultiNvicIntPanel[,0,0,0x0,invalid,layout=javax.swing.BoxLayout,alignmentX=0.0,alignmentY=0.0,border=,flags=9,maximumSize=,minimumSize=,preferredSize=]
2024-01-10 12:10:22,153 [INFO] ADCParametersView:116 -                Rank 1 : true
2024-01-10 12:10:22,158 [INFO] ADCParametersView:116 -                Rank 1 : true
2024-01-10 12:10:22,158 [INFO] ADCParametersView:116 -                Rank 1 : true
2024-01-10 12:10:22,158 [INFO] ADCParametersView:116 -                Rank 1 : true
2024-01-10 12:10:22,158 [INFO] ADCParametersView:116 -                Rank 1 : true
2024-01-10 12:10:22,158 [INFO] ADCParametersView:116 -                Rank 1 : true
2024-01-10 12:10:22,158 [INFO] ADCParametersView:116 -                Rank 1 : true
2024-01-10 12:10:22,158 [INFO] ADCParametersView:116 -                Rank 1 : true
2024-01-10 12:10:22,158 [INFO] ADCParametersView:116 -                Rank 1 : true
2024-01-10 12:10:22,159 [INFO] ADCParametersView:116 -                Rank 1 : true
2024-01-10 12:10:22,159 [INFO] ADCParametersView:116 -                Rank 1 : true
2024-01-10 12:10:22,159 [INFO] ADCParametersView:116 -                Rank 1 : true
2024-01-10 12:10:22,159 [INFO] ADCParametersView:116 -                Rank 1 : true
2024-01-10 12:10:22,159 [INFO] ADCParametersView:116 -                Rank 1 : true
2024-01-10 12:10:22,185 [INFO] ADCParametersView:116 -                Rank 1 : true
2024-01-10 12:10:50,482 [INFO] NvicIntPanel:101 - NVIC parent = com.st.microxplorer.plugins.ip.nvic.MultiNvicIntPanel[,0,0,0x0,invalid,layout=javax.swing.BoxLayout,alignmentX=0.0,alignmentY=0.0,border=,flags=9,maximumSize=,minimumSize=,preferredSize=]
2024-01-10 12:11:04,440 [INFO] NvicIntPanel:101 - NVIC parent = com.st.microxplorer.plugins.ip.nvic.MultiNvicIntPanel[,0,0,0x0,invalid,layout=javax.swing.BoxLayout,alignmentX=0.0,alignmentY=0.0,border=,flags=9,maximumSize=,minimumSize=,preferredSize=]
2024-01-10 12:11:14,176 [INFO] UtilMem:75 - End SaveConfig() Used Memory: 348164696 Bytes (849346560)
2024-01-10 12:11:16,672 [INFO] UtilMem:75 - End SaveConfig() Used Memory: 366791272 Bytes (849346560)
2024-01-10 12:11:22,362 [INFO] UtilMem:75 - End SaveConfig() Used Memory: 446208600 Bytes (849346560)
2024-01-10 12:11:22,861 [INFO] BlockDiagram:2759 - set Specific Code input for plugin: NVIC
2024-01-10 12:11:22,861 [INFO] BlockDiagram:2759 - set Specific Code input for plugin: USART
2024-01-10 12:11:22,861 [INFO] BlockDiagram:2759 - set Specific Code input for plugin: SYS
2024-01-10 12:11:22,862 [INFO] BlockDiagram:2759 - set Specific Code input for plugin: GPIO
2024-01-10 12:11:22,862 [INFO] BlockDiagram:2759 - set Specific Code input for plugin: ADC
2024-01-10 12:11:22,862 [INFO] BlockDiagram:2759 - set Specific Code input for plugin: RCC
2024-01-10 12:11:22,864 [INFO] CodeGenerator:807 - code generatio: config db path: C:\Users\user\Downloads\STM32CubeIDE_1.14.0\STM32CubeIDE\plugins\com.st.stm32cube.common.mx_6.10.0.202311202037\\db\
2024-01-10 12:11:23,140 [INFO] CodeEngine:255 - oldGeneratedFile, C:\Users\user\STM32CubeIDE\workspace_1.14.0\tempAdc\MXTmpFiles\license.tmp_save
2024-01-10 12:11:23,314 [INFO] CodeEngine:279 - Generated code: C:\Users\user\STM32CubeIDE\workspace_1.14.0\tempAdc\MXTmpFiles\license.tmp
2024-01-10 12:11:23,377 [INFO] CodeEngine:255 - oldGeneratedFile, C:\Users\user\STM32CubeIDE\workspace_1.14.0\tempAdc\MXTmpFiles\gpio.tmp_save
2024-01-10 12:11:23,533 [INFO] CodeEngine:279 - Generated code: C:\Users\user\STM32CubeIDE\workspace_1.14.0\tempAdc\MXTmpFiles\gpio.tmp
2024-01-10 12:11:23,658 [INFO] CodeEngine:255 - oldGeneratedFile, C:\Users\user\STM32CubeIDE\workspace_1.14.0\tempAdc\Core\Src\stm32f4xx_it.c_save
2024-01-10 12:11:23,827 [INFO] CodeEngine:279 - Generated code: C:\Users\user\STM32CubeIDE\workspace_1.14.0\tempAdc\Core\Src\stm32f4xx_it.c
2024-01-10 12:11:23,853 [INFO] CodeEngine:255 - oldGeneratedFile, C:\Users\user\STM32CubeIDE\workspace_1.14.0\tempAdc\Core\Inc\stm32f4xx_it.h_save
2024-01-10 12:11:23,991 [INFO] CodeEngine:279 - Generated code: C:\Users\user\STM32CubeIDE\workspace_1.14.0\tempAdc\Core\Inc\stm32f4xx_it.h
2024-01-10 12:11:24,035 [INFO] CodeEngine:255 - oldGeneratedFile, C:\Users\user\STM32CubeIDE\workspace_1.14.0\tempAdc\Core\Src\stm32f4xx_hal_msp.c_save
2024-01-10 12:11:24,235 [INFO] CodeEngine:279 - Generated code: C:\Users\user\STM32CubeIDE\workspace_1.14.0\tempAdc\Core\Src\stm32f4xx_hal_msp.c
2024-01-10 12:11:24,256 [INFO] CodeEngine:255 - oldGeneratedFile, C:\Users\user\STM32CubeIDE\workspace_1.14.0\tempAdc\MXTmpFiles\system.tmp_save
2024-01-10 12:11:24,393 [INFO] CodeEngine:279 - Generated code: C:\Users\user\STM32CubeIDE\workspace_1.14.0\tempAdc\MXTmpFiles\system.tmp
2024-01-10 12:11:24,430 [INFO] CodeEngine:311 - oldGeneratedFile, C:\Users\user\STM32CubeIDE\workspace_1.14.0\tempAdc\Core\Inc\stm32f4xx_hal_conf.h_save
2024-01-10 12:11:24,570 [INFO] CodeEngine:335 - Generated code: C:\Users\user\STM32CubeIDE\workspace_1.14.0\tempAdc\Core\Inc\stm32f4xx_hal_conf.h
2024-01-10 12:11:24,641 [INFO] CodeEngine:255 - oldGeneratedFile, C:\Users\user\STM32CubeIDE\workspace_1.14.0\tempAdc\Core\Inc\main.h_save
2024-01-10 12:11:24,771 [INFO] CodeEngine:279 - Generated code: C:\Users\user\STM32CubeIDE\workspace_1.14.0\tempAdc\Core\Inc\main.h
2024-01-10 12:11:24,790 [INFO] CodeEngine:255 - oldGeneratedFile, C:\Users\user\STM32CubeIDE\workspace_1.14.0\tempAdc\Core\Src\main.c_save
2024-01-10 12:11:24,975 [INFO] CodeEngine:279 - Generated code: C:\Users\user\STM32CubeIDE\workspace_1.14.0\tempAdc\Core\Src\main.c
2024-01-10 12:11:26,123 [INFO] ProjectBuilder:3076 - Time for Copy HAL[1] : 655mS.
2024-01-10 12:11:26,136 [INFO] ProjectBuilder:4485 - Project Generator version: 4.2.0-B44
2024-01-10 12:11:27,084 [INFO] ConfigFileManager:1495 - The Die is : DIE431
2024-01-10 12:11:30,598 [INFO] ProjectBuilder:4747 - Time for Generating toolchain IDE Files: 4461mS.
2024-01-10 12:11:30,600 [INFO] ProjectBuilder:2947 - Time for Copy CMSIS : 2mS.
2024-01-10 12:11:30,609 [INFO] ProjectBuilder:2947 - Time for Copy CMSIS : 1mS.
